[23-Jan-2017 00:14:39 UTC] PHP Parse error:  syntax error, unexpected '@' in /home/ubuntu/workspace/monolist/storage/framework/views/5ff72006ab562db06d9517c268ac2f0b on line 2
[23-Jan-2017 00:14:39 UTC] PHP Stack trace:
[23-Jan-2017 00:14:39 UTC] PHP   1. {main}() /home/ubuntu/workspace/monolist/server.php:0
[23-Jan-2017 00:14:39 UTC] PHP   2. require_once() /home/ubuntu/workspace/monolist/server.php:21
[23-Jan-2017 00:14:39 UTC] PHP   3. Illuminate\Foundation\Http\Kernel->handle() /home/ubuntu/workspace/monolist/public/index.php:54
[23-Jan-2017 00:14:39 UTC] PHP   4. Illuminate\Foundation\Http\Kernel->sendRequestThroughRouter() /home/ubuntu/workspace/monolist/vendor/laravel/framework/src/Illuminate/Foundation/Http/Kernel.php:87
[23-Jan-2017 00:14:39 UTC] PHP   5. Illuminate\Pipeline\Pipeline->then() /home/ubuntu/workspace/monolist/vendor/laravel/framework/src/Illuminate/Foundation/Http/Kernel.php:122
[23-Jan-2017 00:14:39 UTC] PHP   6. call_user_func:{/home/ubuntu/workspace/monolist/vendor/laravel/framework/src/Illuminate/Pipeline/Pipeline.php:103}() /home/ubuntu/workspace/monolist/vendor/laravel/framework/src/Illuminate/Pipeline/Pipeline.php:103
[23-Jan-2017 00:14:39 UTC] PHP   7. Illuminate\Pipeline\Pipeline->Illuminate\Pipeline\{closure}() /home/ubuntu/workspace/monolist/vendor/laravel/framework/src/Illuminate/Pipeline/Pipeline.php:103
[23-Jan-2017 00:14:39 UTC] PHP   8. call_user_func_array:{/home/ubuntu/workspace/monolist/vendor/laravel/framework/src/Illuminate/Pipeline/Pipeline.php:124}() /home/ubuntu/workspace/monolist/vendor/laravel/framework/src/Illuminate/Pipeline/Pipeline.php:124
[23-Jan-2017 00:14:39 UTC] PHP   9. Illuminate\Foundation\Http\Middleware\CheckForMaintenanceMode->handle() /home/ubuntu/workspace/monolist/vendor/laravel/framework/src/Illuminate/Pipeline/Pipeline.php:124
[23-Jan-2017 00:14:39 UTC] PHP  10. Illuminate\Pipeline\Pipeline->Illuminate\Pipeline\{closure}() /home/ubuntu/workspace/monolist/vendor/laravel/framework/src/Illuminate/Foundation/Http/Middleware/CheckForMaintenanceMode.php:44
[23-Jan-2017 00:14:39 UTC] PHP  11. call_user_func_array:{/home/ubuntu/workspace/monolist/vendor/laravel/framework/src/Illuminate/Pipeline/Pipeline.php:124}() /home/ubuntu/workspace/monolist/vendor/laravel/framework/src/Illuminate/Pipeline/Pipeline.php:124
[23-Jan-2017 00:14:39 UTC] PHP  12. Illuminate\Cookie\Middleware\EncryptCookies->handle() /home/ubuntu/workspace/monolist/vendor/laravel/framework/src/Illuminate/Pipeline/Pipeline.php:124
[23-Jan-2017 00:14:39 UTC] PHP  13. Illuminate\Pipeline\Pipeline->Illuminate\Pipeline\{closure}() /home/ubuntu/workspace/monolist/vendor/laravel/framework/src/Illuminate/Cookie/Middleware/EncryptCookies.php:59
[23-Jan-2017 00:14:39 UTC] PHP  14. call_user_func_array:{/home/ubuntu/workspace/monolist/vendor/laravel/framework/src/Illuminate/Pipeline/Pipeline.php:124}() /home/ubuntu/workspace/monolist/vendor/laravel/framework/src/Illuminate/Pipeline/Pipeline.php:124
[23-Jan-2017 00:14:39 UTC] PHP  15. Illuminate\Cookie\Middleware\AddQueuedCookiesToResponse->handle() /home/ubuntu/workspace/monolist/vendor/laravel/framework/src/Illuminate/Pipeline/Pipeline.php:124
[23-Jan-2017 00:14:39 UTC] PHP  16. Illuminate\Pipeline\Pipeline->Illuminate\Pipeline\{closure}() /home/ubuntu/workspace/monolist/vendor/laravel/framework/src/Illuminate/Cookie/Middleware/AddQueuedCookiesToResponse.php:37
[23-Jan-2017 00:14:39 UTC] PHP  17. call_user_func_array:{/home/ubuntu/workspace/monolist/vendor/laravel/framework/src/Illuminate/Pipeline/Pipeline.php:124}() /home/ubuntu/workspace/monolist/vendor/laravel/framework/src/Illuminate/Pipeline/Pipeline.php:124
[23-Jan-2017 00:14:39 UTC] PHP  18. Illuminate\Session\Middleware\StartSession->handle() /home/ubuntu/workspace/monolist/vendor/laravel/framework/src/Illuminate/Pipeline/Pipeline.php:124
[23-Jan-2017 00:14:39 UTC] PHP  19. Illuminate\Pipeline\Pipeline->Illuminate\Pipeline\{closure}() /home/ubuntu/workspace/monolist/vendor/laravel/framework/src/Illuminate/Session/Middleware/StartSession.php:62
[23-Jan-2017 00:14:39 UTC] PHP  20. call_user_func_array:{/home/ubuntu/workspace/monolist/vendor/laravel/framework/src/Illuminate/Pipeline/Pipeline.php:124}() /home/ubuntu/workspace/monolist/vendor/laravel/framework/src/Illuminate/Pipeline/Pipeline.php:124
[23-Jan-2017 00:14:39 UTC] PHP  21. Illuminate\View\Middleware\ShareErrorsFromSession->handle() /home/ubuntu/workspace/monolist/vendor/laravel/framework/src/Illuminate/Pipeline/Pipeline.php:124
[23-Jan-2017 00:14:39 UTC] PHP  22. Illuminate\Pipeline\Pipeline->Illuminate\Pipeline\{closure}() /home/ubuntu/workspace/monolist/vendor/laravel/framework/src/Illuminate/View/Middleware/ShareErrorsFromSession.php:49
[23-Jan-2017 00:14:39 UTC] PHP  23. call_user_func_array:{/home/ubuntu/workspace/monolist/vendor/laravel/framework/src/Illuminate/Pipeline/Pipeline.php:124}() /home/ubuntu/workspace/monolist/vendor/laravel/framework/src/Illuminate/Pipeline/Pipeline.php:124
[23-Jan-2017 00:14:39 UTC] PHP  24. Illuminate\Foundation\Http\Middleware\VerifyCsrfToken->handle() /home/ubuntu/workspace/monolist/vendor/laravel/framework/src/Illuminate/Pipeline/Pipeline.php:124
[23-Jan-2017 00:14:39 UTC] PHP  25. Illuminate\Pipeline\Pipeline->Illuminate\Pipeline\{closure}() /home/ubuntu/workspace/monolist/vendor/laravel/framework/src/Illuminate/Foundation/Http/Middleware/VerifyCsrfToken.php:50
[23-Jan-2017 00:14:39 UTC] PHP  26. call_user_func:{/home/ubuntu/workspace/monolist/vendor/laravel/framework/src/Illuminate/Pipeline/Pipeline.php:139}() /home/ubuntu/workspace/monolist/vendor/laravel/framework/src/Illuminate/Pipeline/Pipeline.php:139
[23-Jan-2017 00:14:39 UTC] PHP  27. Illuminate\Foundation\Http\Kernel->Illuminate\Foundation\Http\{closure}() /home/ubuntu/workspace/monolist/vendor/laravel/framework/src/Illuminate/Pipeline/Pipeline.php:139
[23-Jan-2017 00:14:39 UTC] PHP  28. Illuminate\Routing\Router->dispatch() /home/ubuntu/workspace/monolist/vendor/laravel/framework/src/Illuminate/Foundation/Http/Kernel.php:236
[23-Jan-2017 00:14:39 UTC] PHP  29. Illuminate\Routing\Router->dispatchToRoute() /home/ubuntu/workspace/monolist/vendor/laravel/framework/src/Illuminate/Routing/Router.php:635
[23-Jan-2017 00:14:39 UTC] PHP  30. Illuminate\Routing\Router->runRouteWithinStack() /home/ubuntu/workspace/monolist/vendor/laravel/framework/src/Illuminate/Routing/Router.php:675
[23-Jan-2017 00:14:39 UTC] PHP  31. Illuminate\Pipeline\Pipeline->then() /home/ubuntu/workspace/monolist/vendor/laravel/framework/src/Illuminate/Routing/Router.php:710
[23-Jan-2017 00:14:39 UTC] PHP  32. call_user_func:{/home/ubuntu/workspace/monolist/vendor/laravel/framework/src/Illuminate/Pipeline/Pipeline.php:103}() /home/ubuntu/workspace/monolist/vendor/laravel/framework/src/Illuminate/Pipeline/Pipeline.php:103
[23-Jan-2017 00:14:39 UTC] PHP  33. Illuminate\Pipeline\Pipeline->Illuminate\Pipeline\{closure}() /home/ubuntu/workspace/monolist/vendor/laravel/framework/src/Illuminate/Pipeline/Pipeline.php:103
[23-Jan-2017 00:14:39 UTC] PHP  34. call_user_func:{/home/ubuntu/workspace/monolist/vendor/laravel/framework/src/Illuminate/Pipeline/Pipeline.php:139}() /home/ubuntu/workspace/monolist/vendor/laravel/framework/src/Illuminate/Pipeline/Pipeline.php:139
[23-Jan-2017 00:14:39 UTC] PHP  35. Illuminate\Routing\Router->Illuminate\Routing\{closure}() /home/ubuntu/workspace/monolist/vendor/laravel/framework/src/Illuminate/Pipeline/Pipeline.php:139
[23-Jan-2017 00:14:39 UTC] PHP  36. Illuminate\Routing\Route->run() /home/ubuntu/workspace/monolist/vendor/laravel/framework/src/Illuminate/Routing/Router.php:708
[23-Jan-2017 00:14:39 UTC] PHP  37. Illuminate\Routing\Route->runWithCustomDispatcher() /home/ubuntu/workspace/monolist/vendor/laravel/framework/src/Illuminate/Routing/Route.php:134
[23-Jan-2017 00:14:39 UTC] PHP  38. Illuminate\Routing\ControllerDispatcher->dispatch() /home/ubuntu/workspace/monolist/vendor/laravel/framework/src/Illuminate/Routing/Route.php:203
[23-Jan-2017 00:14:39 UTC] PHP  39. Illuminate\Routing\ControllerDispatcher->callWithinStack() /home/ubuntu/workspace/monolist/vendor/laravel/framework/src/Illuminate/Routing/ControllerDispatcher.php:69
[23-Jan-2017 00:14:39 UTC] PHP  40. Illuminate\Pipeline\Pipeline->then() /home/ubuntu/workspace/monolist/vendor/laravel/framework/src/Illuminate/Routing/ControllerDispatcher.php:114
[23-Jan-2017 00:14:39 UTC] PHP  41. call_user_func:{/home/ubuntu/workspace/monolist/vendor/laravel/framework/src/Illuminate/Pipeline/Pipeline.php:103}() /home/ubuntu/workspace/monolist/vendor/laravel/framework/src/Illuminate/Pipeline/Pipeline.php:103
[23-Jan-2017 00:14:39 UTC] PHP  42. Illuminate\Pipeline\Pipeline->Illuminate\Pipeline\{closure}() /home/ubuntu/workspace/monolist/vendor/laravel/framework/src/Illuminate/Pipeline/Pipeline.php:103
[23-Jan-2017 00:14:39 UTC] PHP  43. call_user_func:{/home/ubuntu/workspace/monolist/vendor/laravel/framework/src/Illuminate/Pipeline/Pipeline.php:139}() /home/ubuntu/workspace/monolist/vendor/laravel/framework/src/Illuminate/Pipeline/Pipeline.php:139
[23-Jan-2017 00:14:39 UTC] PHP  44. Illuminate\Routing\ControllerDispatcher->Illuminate\Routing\{closure}() /home/ubuntu/workspace/monolist/vendor/laravel/framework/src/Illuminate/Pipeline/Pipeline.php:139
[23-Jan-2017 00:14:39 UTC] PHP  45. Illuminate\Routing\Router->prepareResponse() /home/ubuntu/workspace/monolist/vendor/laravel/framework/src/Illuminate/Routing/ControllerDispatcher.php:113
[23-Jan-2017 00:14:39 UTC] PHP  46. Symfony\Component\HttpFoundation\Response->__construct() /home/ubuntu/workspace/monolist/vendor/laravel/framework/src/Illuminate/Routing/Router.php:1229
[23-Jan-2017 00:14:39 UTC] PHP  47. Illuminate\Http\Response->setContent() /home/ubuntu/workspace/monolist/vendor/symfony/http-foundation/Response.php:202
[23-Jan-2017 00:14:39 UTC] PHP  48. Illuminate\View\View->render() /home/ubuntu/workspace/monolist/vendor/laravel/framework/src/Illuminate/Http/Response.php:51
[23-Jan-2017 00:14:39 UTC] PHP  49. Illuminate\View\View->renderContents() /home/ubuntu/workspace/monolist/vendor/laravel/framework/src/Illuminate/View/View.php:83
[23-Jan-2017 00:14:39 UTC] PHP  50. Illuminate\View\View->getContents() /home/ubuntu/workspace/monolist/vendor/laravel/framework/src/Illuminate/View/View.php:118
[23-Jan-2017 00:14:39 UTC] PHP  51. Illuminate\View\Engines\CompilerEngine->get() /home/ubuntu/workspace/monolist/vendor/laravel/framework/src/Illuminate/View/View.php:147
[23-Jan-2017 00:14:39 UTC] PHP  52. Illuminate\View\Engines\PhpEngine->evaluatePath() /home/ubuntu/workspace/monolist/vendor/laravel/framework/src/Illuminate/View/Engines/CompilerEngine.php:58
[23-Jan-2017 00:14:39 UTC] PHP  53. include() /home/ubuntu/workspace/monolist/vendor/laravel/framework/src/Illuminate/View/Engines/PhpEngine.php:42
[23-Jan-2017 00:14:39 UTC] PHP  54. Illuminate\View\View->render() /home/ubuntu/workspace/monolist/storage/framework/views/5f13e4eba5c80c7712469d1529ef2dcb:15
[23-Jan-2017 00:14:39 UTC] PHP  55. Illuminate\View\View->renderContents() /home/ubuntu/workspace/monolist/vendor/laravel/framework/src/Illuminate/View/View.php:83
[23-Jan-2017 00:14:39 UTC] PHP  56. Illuminate\View\View->getContents() /home/ubuntu/workspace/monolist/vendor/laravel/framework/src/Illuminate/View/View.php:118
[23-Jan-2017 00:14:39 UTC] PHP  57. Illuminate\View\Engines\CompilerEngine->get() /home/ubuntu/workspace/monolist/vendor/laravel/framework/src/Illuminate/View/View.php:147
[23-Jan-2017 00:14:39 UTC] PHP  58. Illuminate\View\Engines\PhpEngine->evaluatePath() /home/ubuntu/workspace/monolist/vendor/laravel/framework/src/Illuminate/View/Engines/CompilerEngine.php:58
[23-Jan-2017 00:14:39 UTC] PHP  59. include() /home/ubuntu/workspace/monolist/vendor/laravel/framework/src/Illuminate/View/Engines/PhpEngine.php:42
[23-Jan-2017 00:14:39 UTC] PHP  60. Illuminate\View\View->render() /home/ubuntu/workspace/monolist/storage/framework/views/cf3f800f42b78050f082459b8c04e894:23
[23-Jan-2017 00:14:39 UTC] PHP  61. Illuminate\View\View->renderContents() /home/ubuntu/workspace/monolist/vendor/laravel/framework/src/Illuminate/View/View.php:83
[23-Jan-2017 00:14:39 UTC] PHP  62. Illuminate\View\View->getContents() /home/ubuntu/workspace/monolist/vendor/laravel/framework/src/Illuminate/View/View.php:118
[23-Jan-2017 00:14:39 UTC] PHP  63. Illuminate\View\Engines\CompilerEngine->get() /home/ubuntu/workspace/monolist/vendor/laravel/framework/src/Illuminate/View/View.php:147
[23-Jan-2017 00:14:39 UTC] PHP  64. Illuminate\View\Engines\PhpEngine->evaluatePath() /home/ubuntu/workspace/monolist/vendor/laravel/framework/src/Illuminate/View/Engines/CompilerEngine.php:58
